<?xml version="1.0" encoding="UTF-8"?>
<!-- Generated by org.testng.reporters.JUnitReportReporter -->
<testsuite hostname="NDI-LAP-165" failures="0" tests="1" name="insuranceCalculation_Motorcycle.EndToEndTests_motorcycle" time="0.006" errors="0" timestamp="2022-08-04T13:13:35 IST" skipped="0">
  <testcase classname="insuranceCalculation_Motorcycle.EndToEndTests_motorcycle" name="insuranceCalculate_VolvoMotor" time="0.006"/>
  <system-out/>
</testsuite> <!-- insuranceCalculation_Motorcycle.EndToEndTests_motorcycle -->
